This file contains any messages produced by compilers while
running configure, to aid debugging if configure makes a mistake.

It was created by network-tests2 configure 2.0.1, which was
generated by GNU Autoconf 2.69.  Invocation command line was

  $ ./configure --disable-modules

## --------- ##
## Platform. ##
## --------- ##

hostname = algor-laptop
uname -m = x86_64
uname -r = 3.13.0-37-generic
uname -s = Linux
uname -v = #64-Ubuntu SMP Mon Sep 22 21:28:38 UTC 2014

/usr/bin/uname -p = unknown
/bin/uname -X     = unknown

/bin/arch              = unknown
/usr/bin/arch -k       = unknown
/usr/convex/getsysinfo = unknown
/usr/bin/hostinfo      = unknown
/bin/machine           = unknown
/usr/bin/oslevel       = unknown
/bin/universe          = unknown

PATH: /usr/local/sbin
PATH: /usr/local/bin
PATH: /usr/sbin
PATH: /usr/bin
PATH: /sbin
PATH: /bin
PATH: /usr/games
PATH: /usr/local/games


## ----------- ##
## Core tests. ##
## ----------- ##

configure:2358: checking for g++
configure:2374: found /usr/bin/g++
configure:2385: result: g++
configure:2412: checking for C++ compiler version
configure:2421: g++ --version >&5
g++ (Ubuntu 4.8.2-19ubuntu1) 4.8.2
Copyright (C) 2013 Free Software Foundation, Inc.
This is free software; see the source for copying conditions.  There is NO
warranty; not even for MERCHANTABILITY or FITNESS FOR A PARTICULAR PURPOSE.

configure:2432: $? = 0
configure:2421: g++ -v >&5
Using built-in specs.
COLLECT_GCC=g++
COLLECT_LTO_WRAPPER=/usr/lib/gcc/x86_64-linux-gnu/4.8/lto-wrapper
Target: x86_64-linux-gnu
Configured with: ../src/configure -v --with-pkgversion='Ubuntu 4.8.2-19ubuntu1' --with-bugurl=file:///usr/share/doc/gcc-4.8/README.Bugs --enable-languages=c,c++,java,go,d,fortran,objc,obj-c++ --prefix=/usr --program-suffix=-4.8 --enable-shared --enable-linker-build-id --libexecdir=/usr/lib --without-included-gettext --enable-threads=posix --with-gxx-include-dir=/usr/include/c++/4.8 --libdir=/usr/lib --enable-nls --with-sysroot=/ --enable-clocale=gnu --enable-libstdcxx-debug --enable-libstdcxx-time=yes --enable-gnu-unique-object --disable-libmudflap --enable-plugin --with-system-zlib --disable-browser-plugin --enable-java-awt=gtk --enable-gtk-cairo --with-java-home=/usr/lib/jvm/java-1.5.0-gcj-4.8-amd64/jre --enable-java-home --with-jvm-root-dir=/usr/lib/jvm/java-1.5.0-gcj-4.8-amd64 --with-jvm-jar-dir=/usr/lib/jvm-exports/java-1.5.0-gcj-4.8-amd64 --with-arch-directory=amd64 --with-ecj-jar=/usr/share/java/eclipse-ecj.jar --enable-objc-gc --enable-multiarch --disable-werror --with-arch-32=i686 --with-abi=m64 --with-multilib-list=m32,m64,mx32 --with-tune=generic --enable-checking=release --build=x86_64-linux-gnu --host=x86_64-linux-gnu --target=x86_64-linux-gnu
Thread model: posix
gcc version 4.8.2 (Ubuntu 4.8.2-19ubuntu1) 
configure:2432: $? = 0
configure:2421: g++ -V >&5
g++: error: unrecognized command line option '-V'
g++: fatal error: no input files
compilation terminated.
configure:2432: $? = 4
configure:2421: g++ -qversion >&5
g++: error: unrecognized command line option '-qversion'
g++: fatal error: no input files
compilation terminated.
configure:2432: $? = 4
configure:2452: checking whether the C++ compiler works
configure:2474: g++    conftest.cpp  >&5
configure:2478: $? = 0
configure:2526: result: yes
configure:2529: checking for C++ compiler default output file name
configure:2531: result: a.out
configure:2537: checking for suffix of executables
configure:2544: g++ -o conftest    conftest.cpp  >&5
configure:2548: $? = 0
configure:2570: result: 
configure:2592: checking whether we are cross compiling
configure:2600: g++ -o conftest    conftest.cpp  >&5
configure:2604: $? = 0
configure:2611: ./conftest
configure:2615: $? = 0
configure:2630: result: no
configure:2635: checking for suffix of object files
configure:2657: g++ -c   conftest.cpp >&5
configure:2661: $? = 0
configure:2682: result: o
configure:2686: checking whether we are using the GNU C++ compiler
configure:2705: g++ -c   conftest.cpp >&5
configure:2705: $? = 0
configure:2714: result: yes
configure:2723: checking whether g++ accepts -g
configure:2743: g++ -c -g  conftest.cpp >&5
configure:2743: $? = 0
configure:2784: result: yes
configure:2855: checking for gcc
configure:2871: found /usr/bin/gcc
configure:2882: result: gcc
configure:3111: checking for C compiler version
configure:3120: gcc --version >&5
gcc (Ubuntu 4.8.2-19ubuntu1) 4.8.2
Copyright (C) 2013 Free Software Foundation, Inc.
This is free software; see the source for copying conditions.  There is NO
warranty; not even for MERCHANTABILITY or FITNESS FOR A PARTICULAR PURPOSE.

configure:3131: $? = 0
configure:3120: gcc -v >&5
Using built-in specs.
COLLECT_GCC=gcc
COLLECT_LTO_WRAPPER=/usr/lib/gcc/x86_64-linux-gnu/4.8/lto-wrapper
Target: x86_64-linux-gnu
Configured with: ../src/configure -v --with-pkgversion='Ubuntu 4.8.2-19ubuntu1' --with-bugurl=file:///usr/share/doc/gcc-4.8/README.Bugs --enable-languages=c,c++,java,go,d,fortran,objc,obj-c++ --prefix=/usr --program-suffix=-4.8 --enable-shared --enable-linker-build-id --libexecdir=/usr/lib --without-included-gettext --enable-threads=posix --with-gxx-include-dir=/usr/include/c++/4.8 --libdir=/usr/lib --enable-nls --with-sysroot=/ --enable-clocale=gnu --enable-libstdcxx-debug --enable-libstdcxx-time=yes --enable-gnu-unique-object --disable-libmudflap --enable-plugin --with-system-zlib --disable-browser-plugin --enable-java-awt=gtk --enable-gtk-cairo --with-java-home=/usr/lib/jvm/java-1.5.0-gcj-4.8-amd64/jre --enable-java-home --with-jvm-root-dir=/usr/lib/jvm/java-1.5.0-gcj-4.8-amd64 --with-jvm-jar-dir=/usr/lib/jvm-exports/java-1.5.0-gcj-4.8-amd64 --with-arch-directory=amd64 --with-ecj-jar=/usr/share/java/eclipse-ecj.jar --enable-objc-gc --enable-multiarch --disable-werror --with-arch-32=i686 --with-abi=m64 --with-multilib-list=m32,m64,mx32 --with-tune=generic --enable-checking=release --build=x86_64-linux-gnu --host=x86_64-linux-gnu --target=x86_64-linux-gnu
Thread model: posix
gcc version 4.8.2 (Ubuntu 4.8.2-19ubuntu1) 
configure:3131: $? = 0
configure:3120: gcc -V >&5
gcc: error: unrecognized command line option '-V'
gcc: fatal error: no input files
compilation terminated.
configure:3131: $? = 4
configure:3120: gcc -qversion >&5
gcc: error: unrecognized command line option '-qversion'
gcc: fatal error: no input files
compilation terminated.
configure:3131: $? = 4
configure:3135: checking whether we are using the GNU C compiler
configure:3154: gcc -c   conftest.c >&5
configure:3154: $? = 0
configure:3163: result: yes
configure:3172: checking whether gcc accepts -g
configure:3192: gcc -c -g  conftest.c >&5
configure:3192: $? = 0
configure:3233: result: yes
configure:3250: checking for gcc option to accept ISO C89
configure:3313: gcc  -c -g -O2  conftest.c >&5
configure:3313: $? = 0
configure:3326: result: none needed
configure:3347: checking whether ln -s works
configure:3351: result: yes
configure:3401: checking for ranlib
configure:3417: found /usr/bin/ranlib
configure:3428: result: ranlib
configure:3453: checking for mpicc
configure:3469: found /usr/bin/mpicc
configure:3481: result: true
configure:3495: checking for mpicxx
configure:3511: found /usr/bin/mpicxx
configure:3523: result: true
configure:3563: checking for nc_open in -lnetcdf
configure:3588: gcc -o conftest -g -O2   conftest.c -lnetcdf   >&5
configure:3588: $? = 0
configure:3597: result: yes
configure:3617: checking how to run the C preprocessor
configure:3648: gcc -E  conftest.c
configure:3648: $? = 0
configure:3662: gcc -E  conftest.c
conftest.c:10:28: fatal error: ac_nonexistent.h: No such file or directory
 #include <ac_nonexistent.h>
                            ^
compilation terminated.
configure:3662: $? = 1
configure: failed program was:
| /* confdefs.h */
| #define PACKAGE_NAME "network-tests2"
| #define PACKAGE_TARNAME "network-tests2"
| #define PACKAGE_VERSION "2.0.1"
| #define PACKAGE_STRING "network-tests2 2.0.1"
| #define PACKAGE_BUGREPORT "Alexey Salnikov <salnikov@cs.msu.ru>"
| #define PACKAGE_URL ""
| #define HAVE_LIBNETCDF 1
| /* end confdefs.h.  */
| #include <ac_nonexistent.h>
configure:3687: result: gcc -E
configure:3707: gcc -E  conftest.c
configure:3707: $? = 0
configure:3721: gcc -E  conftest.c
conftest.c:10:28: fatal error: ac_nonexistent.h: No such file or directory
 #include <ac_nonexistent.h>
                            ^
compilation terminated.
configure:3721: $? = 1
configure: failed program was:
| /* confdefs.h */
| #define PACKAGE_NAME "network-tests2"
| #define PACKAGE_TARNAME "network-tests2"
| #define PACKAGE_VERSION "2.0.1"
| #define PACKAGE_STRING "network-tests2 2.0.1"
| #define PACKAGE_BUGREPORT "Alexey Salnikov <salnikov@cs.msu.ru>"
| #define PACKAGE_URL ""
| #define HAVE_LIBNETCDF 1
| /* end confdefs.h.  */
| #include <ac_nonexistent.h>
configure:3750: checking for grep that handles long lines and -e
configure:3808: result: /bin/grep
configure:3813: checking for egrep
configure:3875: result: /bin/grep -E
configure:3880: checking for ANSI C header files
configure:3900: gcc -c -g -O2  conftest.c >&5
configure:3900: $? = 0
configure:3973: gcc -o conftest -g -O2   conftest.c -lnetcdf  >&5
configure:3973: $? = 0
configure:3973: ./conftest
configure:3973: $? = 0
configure:3984: result: yes
configure:3997: checking for sys/types.h
configure:3997: gcc -c -g -O2  conftest.c >&5
configure:3997: $? = 0
configure:3997: result: yes
configure:3997: checking for sys/stat.h
configure:3997: gcc -c -g -O2  conftest.c >&5
configure:3997: $? = 0
configure:3997: result: yes
configure:3997: checking for stdlib.h
configure:3997: gcc -c -g -O2  conftest.c >&5
configure:3997: $? = 0
configure:3997: result: yes
configure:3997: checking for string.h
configure:3997: gcc -c -g -O2  conftest.c >&5
configure:3997: $? = 0
configure:3997: result: yes
configure:3997: checking for memory.h
configure:3997: gcc -c -g -O2  conftest.c >&5
configure:3997: $? = 0
configure:3997: result: yes
configure:3997: checking for strings.h
configure:3997: gcc -c -g -O2  conftest.c >&5
configure:3997: $? = 0
configure:3997: result: yes
configure:3997: checking for inttypes.h
configure:3997: gcc -c -g -O2  conftest.c >&5
configure:3997: $? = 0
configure:3997: result: yes
configure:3997: checking for stdint.h
configure:3997: gcc -c -g -O2  conftest.c >&5
configure:3997: $? = 0
configure:3997: result: yes
configure:3997: checking for unistd.h
configure:3997: gcc -c -g -O2  conftest.c >&5
configure:3997: $? = 0
configure:3997: result: yes
configure:4012: checking for stdlib.h
configure:4012: result: yes
configure:4012: checking for string.h
configure:4012: result: yes
configure:4012: checking sys/time.h usability
configure:4012: gcc -c -g -O2  conftest.c >&5
configure:4012: $? = 0
configure:4012: result: yes
configure:4012: checking sys/time.h presence
configure:4012: gcc -E  conftest.c
configure:4012: $? = 0
configure:4012: result: yes
configure:4012: checking for sys/time.h
configure:4012: result: yes
configure:4012: checking for unistd.h
configure:4012: result: yes
configure:4024: checking for stdbool.h that conforms to C99
configure:4091: gcc -c -g -O2  conftest.c >&5
configure:4091: $? = 0
configure:4098: result: yes
configure:4100: checking for _Bool
configure:4100: gcc -c -g -O2  conftest.c >&5
configure:4100: $? = 0
configure:4100: gcc -c -g -O2  conftest.c >&5
conftest.c: In function 'main':
conftest.c:60:20: error: expected expression before ')' token
 if (sizeof ((_Bool)))
                    ^
configure:4100: $? = 1
configure: failed program was:
| /* confdefs.h */
| #define PACKAGE_NAME "network-tests2"
| #define PACKAGE_TARNAME "network-tests2"
| #define PACKAGE_VERSION "2.0.1"
| #define PACKAGE_STRING "network-tests2 2.0.1"
| #define PACKAGE_BUGREPORT "Alexey Salnikov <salnikov@cs.msu.ru>"
| #define PACKAGE_URL ""
| #define HAVE_LIBNETCDF 1
| #define STDC_HEADERS 1
| #define HAVE_SYS_TYPES_H 1
| #define HAVE_SYS_STAT_H 1
| #define HAVE_STDLIB_H 1
| #define HAVE_STRING_H 1
| #define HAVE_MEMORY_H 1
| #define HAVE_STRINGS_H 1
| #define HAVE_INTTYPES_H 1
| #define HAVE_STDINT_H 1
| #define HAVE_UNISTD_H 1
| #define HAVE_STDLIB_H 1
| #define HAVE_STRING_H 1
| #define HAVE_SYS_TIME_H 1
| #define HAVE_UNISTD_H 1
| /* end confdefs.h.  */
| #include <stdio.h>
| #ifdef HAVE_SYS_TYPES_H
| # include <sys/types.h>
| #endif
| #ifdef HAVE_SYS_STAT_H
| # include <sys/stat.h>
| #endif
| #ifdef STDC_HEADERS
| # include <stdlib.h>
| # include <stddef.h>
| #else
| # ifdef HAVE_STDLIB_H
| #  include <stdlib.h>
| # endif
| #endif
| #ifdef HAVE_STRING_H
| # if !defined STDC_HEADERS && defined HAVE_MEMORY_H
| #  include <memory.h>
| # endif
| # include <string.h>
| #endif
| #ifdef HAVE_STRINGS_H
| # include <strings.h>
| #endif
| #ifdef HAVE_INTTYPES_H
| # include <inttypes.h>
| #endif
| #ifdef HAVE_STDINT_H
| # include <stdint.h>
| #endif
| #ifdef HAVE_UNISTD_H
| # include <unistd.h>
| #endif
| int
| main ()
| {
| if (sizeof ((_Bool)))
| 	    return 0;
|   ;
|   return 0;
| }
configure:4100: result: yes
configure:4111: checking for inline
configure:4127: gcc -c -g -O2  conftest.c >&5
configure:4127: $? = 0
configure:4135: result: inline
configure:4153: checking for size_t
configure:4153: gcc -c -g -O2  conftest.c >&5
configure:4153: $? = 0
configure:4153: gcc -c -g -O2  conftest.c >&5
conftest.c: In function 'main':
conftest.c:61:21: error: expected expression before ')' token
 if (sizeof ((size_t)))
                     ^
configure:4153: $? = 1
configure: failed program was:
| /* confdefs.h */
| #define PACKAGE_NAME "network-tests2"
| #define PACKAGE_TARNAME "network-tests2"
| #define PACKAGE_VERSION "2.0.1"
| #define PACKAGE_STRING "network-tests2 2.0.1"
| #define PACKAGE_BUGREPORT "Alexey Salnikov <salnikov@cs.msu.ru>"
| #define PACKAGE_URL ""
| #define HAVE_LIBNETCDF 1
| #define STDC_HEADERS 1
| #define HAVE_SYS_TYPES_H 1
| #define HAVE_SYS_STAT_H 1
| #define HAVE_STDLIB_H 1
| #define HAVE_STRING_H 1
| #define HAVE_MEMORY_H 1
| #define HAVE_STRINGS_H 1
| #define HAVE_INTTYPES_H 1
| #define HAVE_STDINT_H 1
| #define HAVE_UNISTD_H 1
| #define HAVE_STDLIB_H 1
| #define HAVE_STRING_H 1
| #define HAVE_SYS_TIME_H 1
| #define HAVE_UNISTD_H 1
| #define HAVE__BOOL 1
| /* end confdefs.h.  */
| #include <stdio.h>
| #ifdef HAVE_SYS_TYPES_H
| # include <sys/types.h>
| #endif
| #ifdef HAVE_SYS_STAT_H
| # include <sys/stat.h>
| #endif
| #ifdef STDC_HEADERS
| # include <stdlib.h>
| # include <stddef.h>
| #else
| # ifdef HAVE_STDLIB_H
| #  include <stdlib.h>
| # endif
| #endif
| #ifdef HAVE_STRING_H
| # if !defined STDC_HEADERS && defined HAVE_MEMORY_H
| #  include <memory.h>
| # endif
| # include <string.h>
| #endif
| #ifdef HAVE_STRINGS_H
| # include <strings.h>
| #endif
| #ifdef HAVE_INTTYPES_H
| # include <inttypes.h>
| #endif
| #ifdef HAVE_STDINT_H
| # include <stdint.h>
| #endif
| #ifdef HAVE_UNISTD_H
| # include <unistd.h>
| #endif
| int
| main ()
| {
| if (sizeof ((size_t)))
| 	    return 0;
|   ;
|   return 0;
| }
configure:4153: result: yes
configure:4168: checking for stdlib.h
configure:4168: result: yes
configure:4178: checking for GNU libc compatible malloc
configure:4202: gcc -o conftest -g -O2   conftest.c -lnetcdf  >&5
configure:4202: $? = 0
configure:4202: ./conftest
configure:4202: $? = 0
configure:4212: result: yes
configure:4235: checking for stdlib.h
configure:4235: result: yes
configure:4245: checking for GNU libc compatible realloc
configure:4269: gcc -o conftest -g -O2   conftest.c -lnetcdf  >&5
configure:4269: $? = 0
configure:4269: ./conftest
configure:4269: $? = 0
configure:4279: result: yes
configure:4300: checking for working strtod
configure:4341: gcc -o conftest -g -O2   conftest.c -lnetcdf  >&5
configure:4341: $? = 0
configure:4341: ./conftest
configure:4341: $? = 0
configure:4351: result: yes
configure:4416: checking for clock_gettime
configure:4416: gcc -o conftest -g -O2   conftest.c -lnetcdf  >&5
configure:4416: $? = 0
configure:4416: result: yes
configure:4416: checking for floor
configure:4416: gcc -o conftest -g -O2   conftest.c -lnetcdf  >&5
conftest.c:53:6: warning: conflicting types for built-in function 'floor' [enabled by default]
 char floor ();
      ^
/tmp/ccodiPkt.o: In function `main':
/home/algor/Documents/Work/NetworkLatency/network-tests2/conftest.c:64: undefined reference to `floor'
collect2: error: ld returned 1 exit status
configure:4416: $? = 1
configure: failed program was:
| /* confdefs.h */
| #define PACKAGE_NAME "network-tests2"
| #define PACKAGE_TARNAME "network-tests2"
| #define PACKAGE_VERSION "2.0.1"
| #define PACKAGE_STRING "network-tests2 2.0.1"
| #define PACKAGE_BUGREPORT "Alexey Salnikov <salnikov@cs.msu.ru>"
| #define PACKAGE_URL ""
| #define HAVE_LIBNETCDF 1
| #define STDC_HEADERS 1
| #define HAVE_SYS_TYPES_H 1
| #define HAVE_SYS_STAT_H 1
| #define HAVE_STDLIB_H 1
| #define HAVE_STRING_H 1
| #define HAVE_MEMORY_H 1
| #define HAVE_STRINGS_H 1
| #define HAVE_INTTYPES_H 1
| #define HAVE_STDINT_H 1
| #define HAVE_UNISTD_H 1
| #define HAVE_STDLIB_H 1
| #define HAVE_STRING_H 1
| #define HAVE_SYS_TIME_H 1
| #define HAVE_UNISTD_H 1
| #define HAVE__BOOL 1
| #define HAVE_STDLIB_H 1
| #define HAVE_MALLOC 1
| #define HAVE_STDLIB_H 1
| #define HAVE_REALLOC 1
| #define HAVE_CLOCK_GETTIME 1
| /* end confdefs.h.  */
| /* Define floor to an innocuous variant, in case <limits.h> declares floor.
|    For example, HP-UX 11i <limits.h> declares gettimeofday.  */
| #define floor innocuous_floor
| 
| /* System header to define __stub macros and hopefully few prototypes,
|     which can conflict with char floor (); below.
|     Prefer <limits.h> to <assert.h> if __STDC__ is defined, since
|     <limits.h> exists even on freestanding compilers.  */
| 
| #ifdef __STDC__
| # include <limits.h>
| #else
| # include <assert.h>
| #endif
| 
| #undef floor
| 
| /* Override any GCC internal prototype to avoid an error.
|    Use char because int might match the return type of a GCC
|    builtin and then its argument prototype would still apply.  */
| #ifdef __cplusplus
| extern "C"
| #endif
| char floor ();
| /* The GNU C library defines this for functions which it implements
|     to always fail with ENOSYS.  Some functions are actually named
|     something starting with __ and the normal name is an alias.  */
| #if defined __stub_floor || defined __stub___floor
| choke me
| #endif
| 
| int
| main ()
| {
| return floor ();
|   ;
|   return 0;
| }
configure:4416: result: no
configure:4416: checking for gethostname
configure:4416: gcc -o conftest -g -O2   conftest.c -lnetcdf  >&5
configure:4416: $? = 0
configure:4416: result: yes
configure:4416: checking for gettimeofday
configure:4416: gcc -o conftest -g -O2   conftest.c -lnetcdf  >&5
configure:4416: $? = 0
configure:4416: result: yes
configure:4416: checking for localeconv
configure:4416: gcc -o conftest -g -O2   conftest.c -lnetcdf  >&5
configure:4416: $? = 0
configure:4416: result: yes
configure:4416: checking for memset
configure:4416: gcc -o conftest -g -O2   conftest.c -lnetcdf  >&5
conftest.c:56:6: warning: conflicting types for built-in function 'memset' [enabled by default]
 char memset ();
      ^
configure:4416: $? = 0
configure:4416: result: yes
configure:4416: checking for sqrt
configure:4416: gcc -o conftest -g -O2   conftest.c -lnetcdf  >&5
conftest.c:57:6: warning: conflicting types for built-in function 'sqrt' [enabled by default]
 char sqrt ();
      ^
/tmp/ccBqRKMK.o: In function `main':
/home/algor/Documents/Work/NetworkLatency/network-tests2/conftest.c:68: undefined reference to `sqrt'
collect2: error: ld returned 1 exit status
configure:4416: $? = 1
configure: failed program was:
| /* confdefs.h */
| #define PACKAGE_NAME "network-tests2"
| #define PACKAGE_TARNAME "network-tests2"
| #define PACKAGE_VERSION "2.0.1"
| #define PACKAGE_STRING "network-tests2 2.0.1"
| #define PACKAGE_BUGREPORT "Alexey Salnikov <salnikov@cs.msu.ru>"
| #define PACKAGE_URL ""
| #define HAVE_LIBNETCDF 1
| #define STDC_HEADERS 1
| #define HAVE_SYS_TYPES_H 1
| #define HAVE_SYS_STAT_H 1
| #define HAVE_STDLIB_H 1
| #define HAVE_STRING_H 1
| #define HAVE_MEMORY_H 1
| #define HAVE_STRINGS_H 1
| #define HAVE_INTTYPES_H 1
| #define HAVE_STDINT_H 1
| #define HAVE_UNISTD_H 1
| #define HAVE_STDLIB_H 1
| #define HAVE_STRING_H 1
| #define HAVE_SYS_TIME_H 1
| #define HAVE_UNISTD_H 1
| #define HAVE__BOOL 1
| #define HAVE_STDLIB_H 1
| #define HAVE_MALLOC 1
| #define HAVE_STDLIB_H 1
| #define HAVE_REALLOC 1
| #define HAVE_CLOCK_GETTIME 1
| #define HAVE_GETHOSTNAME 1
| #define HAVE_GETTIMEOFDAY 1
| #define HAVE_LOCALECONV 1
| #define HAVE_MEMSET 1
| /* end confdefs.h.  */
| /* Define sqrt to an innocuous variant, in case <limits.h> declares sqrt.
|    For example, HP-UX 11i <limits.h> declares gettimeofday.  */
| #define sqrt innocuous_sqrt
| 
| /* System header to define __stub macros and hopefully few prototypes,
|     which can conflict with char sqrt (); below.
|     Prefer <limits.h> to <assert.h> if __STDC__ is defined, since
|     <limits.h> exists even on freestanding compilers.  */
| 
| #ifdef __STDC__
| # include <limits.h>
| #else
| # include <assert.h>
| #endif
| 
| #undef sqrt
| 
| /* Override any GCC internal prototype to avoid an error.
|    Use char because int might match the return type of a GCC
|    builtin and then its argument prototype would still apply.  */
| #ifdef __cplusplus
| extern "C"
| #endif
| char sqrt ();
| /* The GNU C library defines this for functions which it implements
|     to always fail with ENOSYS.  Some functions are actually named
|     something starting with __ and the normal name is an alias.  */
| #if defined __stub_sqrt || defined __stub___sqrt
| choke me
| #endif
| 
| int
| main ()
| {
| return sqrt ();
|   ;
|   return 0;
| }
configure:4416: result: no
configure:4416: checking for strchr
configure:4416: gcc -o conftest -g -O2   conftest.c -lnetcdf  >&5
conftest.c:57:6: warning: conflicting types for built-in function 'strchr' [enabled by default]
 char strchr ();
      ^
configure:4416: $? = 0
configure:4416: result: yes
configure:4416: checking for strstr
configure:4416: gcc -o conftest -g -O2   conftest.c -lnetcdf  >&5
conftest.c:58:6: warning: conflicting types for built-in function 'strstr' [enabled by default]
 char strstr ();
      ^
configure:4416: $? = 0
configure:4416: result: yes
configure:4578: creating ./config.status

## ---------------------- ##
## Running config.status. ##
## ---------------------- ##

This file was extended by network-tests2 config.status 2.0.1, which was
generated by GNU Autoconf 2.69.  Invocation command line was

  CONFIG_FILES    = 
  CONFIG_HEADERS  = 
  CONFIG_LINKS    = 
  CONFIG_COMMANDS = 
  $ ./config.status 

on algor-laptop

config.status:744: creating config
config.status:744: creating Makefile

## ---------------- ##
## Cache variables. ##
## ---------------- ##

ac_cv_c_compiler_gnu=yes
ac_cv_c_inline=inline
ac_cv_cxx_compiler_gnu=yes
ac_cv_env_ANT_set=
ac_cv_env_ANT_value=
ac_cv_env_CCC_set=
ac_cv_env_CCC_value=
ac_cv_env_CC_set=
ac_cv_env_CC_value=
ac_cv_env_CFLAGS_set=
ac_cv_env_CFLAGS_value=
ac_cv_env_CPPFLAGS_set=
ac_cv_env_CPPFLAGS_value=
ac_cv_env_CPP_set=
ac_cv_env_CPP_value=
ac_cv_env_CXXFLAGS_set=
ac_cv_env_CXXFLAGS_value=
ac_cv_env_CXX_set=
ac_cv_env_CXX_value=
ac_cv_env_JAR_set=
ac_cv_env_JAR_value=
ac_cv_env_JAVAC_set=
ac_cv_env_JAVAC_value=
ac_cv_env_LDFLAGS_set=
ac_cv_env_LDFLAGS_value=
ac_cv_env_LIBS_set=
ac_cv_env_LIBS_value=
ac_cv_env_MPICC_set=
ac_cv_env_MPICC_value=
ac_cv_env_MPICXX_set=
ac_cv_env_MPICXX_value=
ac_cv_env_MPI_CFLAGS_set=
ac_cv_env_MPI_CFLAGS_value=
ac_cv_env_MPI_CXXFLAGS_set=
ac_cv_env_MPI_CXXFLAGS_value=
ac_cv_env_MPI_LDFLAGS_set=
ac_cv_env_MPI_LDFLAGS_value=
ac_cv_env_MPI_LIBS_set=
ac_cv_env_MPI_LIBS_value=
ac_cv_env_build_alias_set=
ac_cv_env_build_alias_value=
ac_cv_env_host_alias_set=
ac_cv_env_host_alias_value=
ac_cv_env_target_alias_set=
ac_cv_env_target_alias_value=
ac_cv_func_clock_gettime=yes
ac_cv_func_floor=no
ac_cv_func_gethostname=yes
ac_cv_func_gettimeofday=yes
ac_cv_func_localeconv=yes
ac_cv_func_malloc_0_nonnull=yes
ac_cv_func_memset=yes
ac_cv_func_realloc_0_nonnull=yes
ac_cv_func_sqrt=no
ac_cv_func_strchr=yes
ac_cv_func_strstr=yes
ac_cv_func_strtod=yes
ac_cv_header_inttypes_h=yes
ac_cv_header_memory_h=yes
ac_cv_header_stdbool_h=yes
ac_cv_header_stdc=yes
ac_cv_header_stdint_h=yes
ac_cv_header_stdlib_h=yes
ac_cv_header_string_h=yes
ac_cv_header_strings_h=yes
ac_cv_header_sys_stat_h=yes
ac_cv_header_sys_time_h=yes
ac_cv_header_sys_types_h=yes
ac_cv_header_unistd_h=yes
ac_cv_lib_netcdf_nc_open=yes
ac_cv_objext=o
ac_cv_path_EGREP='/bin/grep -E'
ac_cv_path_GREP=/bin/grep
ac_cv_prog_CPP='gcc -E'
ac_cv_prog_HAVE_MPICC=true
ac_cv_prog_HAVE_MPICXX=true
ac_cv_prog_ac_ct_CC=gcc
ac_cv_prog_ac_ct_CXX=g++
ac_cv_prog_ac_ct_RANLIB=ranlib
ac_cv_prog_cc_c89=
ac_cv_prog_cc_g=yes
ac_cv_prog_cxx_g=yes
ac_cv_type__Bool=yes
ac_cv_type_size_t=yes

## ----------------- ##
## Output variables. ##
## ----------------- ##

ANT='ant'
CC='gcc'
CFLAGS='-g -O2'
CPP='gcc -E'
CPPFLAGS=''
CXX='g++'
CXXFLAGS='-g -O2'
DEFS='-DPACKAGE_NAME=\"network-tests2\" -DPACKAGE_TARNAME=\"network-tests2\" -DPACKAGE_VERSION=\"2.0.1\" -DPACKAGE_STRING=\"network-tests2\ 2.0.1\" -DPACKAGE_BUGREPORT=\"Alexey\ Salnikov\ \<salnikov@cs.msu.ru\>\" -DPACKAGE_URL=\"\" -DHAVE_LIBNETCDF=1 -DSTDC_HEADERS=1 -DHAVE_SYS_TYPES_H=1 -DHAVE_SYS_STAT_H=1 -DHAVE_STDLIB_H=1 -DHAVE_STRING_H=1 -DHAVE_MEMORY_H=1 -DHAVE_STRINGS_H=1 -DHAVE_INTTYPES_H=1 -DHAVE_STDINT_H=1 -DHAVE_UNISTD_H=1 -DHAVE_STDLIB_H=1 -DHAVE_STRING_H=1 -DHAVE_SYS_TIME_H=1 -DHAVE_UNISTD_H=1 -DHAVE__BOOL=1 -DHAVE_STDLIB_H=1 -DHAVE_MALLOC=1 -DHAVE_STDLIB_H=1 -DHAVE_REALLOC=1 -DHAVE_CLOCK_GETTIME=1 -DHAVE_GETHOSTNAME=1 -DHAVE_GETTIMEOFDAY=1 -DHAVE_LOCALECONV=1 -DHAVE_MEMSET=1 -DHAVE_STRCHR=1 -DHAVE_STRSTR=1'
ECHO_C=''
ECHO_N='-n'
ECHO_T=''
EGREP='/bin/grep -E'
EXEEXT=''
GREP='/bin/grep'
HAVE_MPICC='true'
HAVE_MPICXX='true'
JAR='jar'
JAVAC='javac'
LDFLAGS=''
LIBOBJS=''
LIBS='-lnetcdf '
LN_S='ln -s'
LTLIBOBJS=''
MODULES_SUPPORT='FALSE'
MPICC='mpicc'
MPICXX='mpicxx'
MPI_CFLAGS='-g -O2'
MPI_CXXFLAGS='-g -O2'
MPI_LDFLAGS=''
MPI_LIBS=''
OBJEXT='o'
PACKAGE_BUGREPORT='Alexey Salnikov <salnikov@cs.msu.ru>'
PACKAGE_NAME='network-tests2'
PACKAGE_STRING='network-tests2 2.0.1'
PACKAGE_TARNAME='network-tests2'
PACKAGE_URL=''
PACKAGE_VERSION='2.0.1'
PATH_SEPARATOR=':'
POW_LIB=''
RANLIB='ranlib'
SHELL='/bin/bash'
ac_ct_CC='gcc'
ac_ct_CXX='g++'
bindir='${exec_prefix}/bin'
build_alias=''
datadir='${datarootdir}'
datarootdir='${prefix}/share'
docdir='${datarootdir}/doc/${PACKAGE_TARNAME}'
dvidir='${docdir}'
exec_prefix='${prefix}'
host_alias=''
htmldir='${docdir}'
includedir='${prefix}/include'
infodir='${datarootdir}/info'
libdir='${exec_prefix}/lib'
libexecdir='${exec_prefix}/libexec'
localedir='${datarootdir}/locale'
localstatedir='${prefix}/var'
mandir='${datarootdir}/man'
oldincludedir='/usr/include'
pdfdir='${docdir}'
prefix='/home/algor/network_tests-2.0.1'
program_transform_name='s,x,x,'
psdir='${docdir}'
sbindir='${exec_prefix}/sbin'
sharedstatedir='${prefix}/com'
sysconfdir='${prefix}/etc'
target_alias=''

## ----------- ##
## confdefs.h. ##
## ----------- ##

/* confdefs.h */
#define PACKAGE_NAME "network-tests2"
#define PACKAGE_TARNAME "network-tests2"
#define PACKAGE_VERSION "2.0.1"
#define PACKAGE_STRING "network-tests2 2.0.1"
#define PACKAGE_BUGREPORT "Alexey Salnikov <salnikov@cs.msu.ru>"
#define PACKAGE_URL ""
#define HAVE_LIBNETCDF 1
#define STDC_HEADERS 1
#define HAVE_SYS_TYPES_H 1
#define HAVE_SYS_STAT_H 1
#define HAVE_STDLIB_H 1
#define HAVE_STRING_H 1
#define HAVE_MEMORY_H 1
#define HAVE_STRINGS_H 1
#define HAVE_INTTYPES_H 1
#define HAVE_STDINT_H 1
#define HAVE_UNISTD_H 1
#define HAVE_STDLIB_H 1
#define HAVE_STRING_H 1
#define HAVE_SYS_TIME_H 1
#define HAVE_UNISTD_H 1
#define HAVE__BOOL 1
#define HAVE_STDLIB_H 1
#define HAVE_MALLOC 1
#define HAVE_STDLIB_H 1
#define HAVE_REALLOC 1
#define HAVE_CLOCK_GETTIME 1
#define HAVE_GETHOSTNAME 1
#define HAVE_GETTIMEOFDAY 1
#define HAVE_LOCALECONV 1
#define HAVE_MEMSET 1
#define HAVE_STRCHR 1
#define HAVE_STRSTR 1

configure: exit 0
